2025-06-04 16:44:37.893Z: Host information
2025-06-04 16:44:37.903Z: ----------------
2025-06-04 16:44:37.905Z: OS: Ubuntu 22.04.5 LTS (stable release)
2025-06-04 16:44:37.905Z: Image details: https://github.com/github/codespaces-host-images/blob/main/README.md
2025-06-04 16:44:37.905Z: ----------------

=================================================================================
2025-06-04 16:44:37.905Z: Configuration starting...
2025-06-04 16:44:37.930Z: Cloning...
2025-06-04 16:44:38.026Z: Using image: mcr.microsoft.com/devcontainers/universal

=================================================================================
2025-06-04 16:44:38.057Z: Creating container...
2025-06-04 16:44:38.157Z: $ devcontainer up --id-label Type=codespaces --workspace-folder /var/lib/docker/codespacemount/workspace/SweatSpark --mount type=bind,source=/.codespaces/agent/mount/cache,target=/vscode --user-data-folder /var/lib/docker/codespacemount/.persistedshare --container-data-folder .vscode-remote/data/Machine --container-system-data-folder /var/vscode-remote --log-level trace --log-format json --update-remote-user-uid-default never --mount-workspace-git-root false --omit-config-remote-env-from-metadata --skip-non-blocking-commands --skip-post-create --expect-existing-container --override-config /root/.codespaces/shared/merged_devcontainer.json --default-user-env-probe loginInteractiveShell --container-session-data-folder /workspaces/.codespaces/.persistedshare/devcontainers-cli/cache --secrets-file /root/.codespaces/shared/user-secrets-envs.json
2025-06-04 16:44:38.488Z: @devcontainers/cli 0.76.0. Node.js v18.20.8. linux 6.8.0-1027-azure x64.
2025-06-04 16:44:38.769Z: $ docker start 1d2808cbe80969415ab955e2abb2f0b877cbbc3fcaa1b2a8dd40e9c1222c11ed
2025-06-04 16:44:39.176Z: 1d2808cbe80969415ab955e2abb2f0b877cbbc3fcaa1b2a8dd40e9c1222c11ed

2025-06-04 16:44:39.178Z: Stop: Run: docker start 1d2808cbe80969415ab955e2abb2f0b877cbbc3fcaa1b2a8dd40e9c1222c11ed
2025-06-04 16:44:39.594Z: Outcome: success User: codespace WorkspaceFolder: /workspaces/SweatSpark
2025-06-04 16:44:39.613Z: devcontainer process exited with exit code 0

=================================================================================
2025-06-04 16:44:40.151Z: Running blocking commands...
2025-06-04 16:44:40.194Z: $ devcontainer up --id-label Type=codespaces --workspace-folder /var/lib/docker/codespacemount/workspace/SweatSpark --mount type=bind,source=/.codespaces/agent/mount/cache,target=/vscode --user-data-folder /var/lib/docker/codespacemount/.persistedshare --container-data-folder .vscode-remote/data/Machine --container-system-data-folder /var/vscode-remote --log-level trace --log-format json --update-remote-user-uid-default never --mount-workspace-git-root false --omit-config-remote-env-from-metadata --skip-non-blocking-commands --expect-existing-container --override-config /root/.codespaces/shared/merged_devcontainer.json --default-user-env-probe loginInteractiveShell --container-session-data-folder /workspaces/.codespaces/.persistedshare/devcontainers-cli/cache --secrets-file /root/.codespaces/shared/user-secrets-envs.json
2025-06-04 16:44:40.452Z: @devcontainers/cli 0.76.0. Node.js v18.20.8. linux 6.8.0-1027-azure x64.
2025-06-04 16:44:40.842Z: Outcome: success User: codespace WorkspaceFolder: /workspaces/SweatSpark
2025-06-04 16:44:40.859Z: devcontainer process exited with exit code 0

=================================================================================
2025-06-04 16:44:40.878Z: Configuring codespace...

=================================================================================
2025-06-04 16:44:40.895Z: Running commands...
2025-06-04 16:44:40.922Z: $ devcontainer up --id-label Type=codespaces --workspace-folder /var/lib/docker/codespacemount/workspace/SweatSpark --expect-existing-container --skip-post-attach --mount type=bind,source=/.codespaces/agent/mount/cache,target=/vscode --container-data-folder .vscode-remote/data/Machine --container-system-data-folder /var/vscode-remote --log-level trace --log-format json --update-remote-user-uid-default never --mount-workspace-git-root false --override-config /root/.codespaces/shared/merged_devcontainer.json --default-user-env-probe loginInteractiveShell --container-session-data-folder /workspaces/.codespaces/.persistedshare/devcontainers-cli/cache --secrets-file /root/.codespaces/shared/user-secrets-envs.json
2025-06-04 16:44:41.220Z: @devcontainers/cli 0.76.0. Node.js v18.20.8. linux 6.8.0-1027-azure x64.
2025-06-04 16:44:41.608Z: Outcome: success User: codespace WorkspaceFolder: /workspaces/SweatSpark
2025-06-04 16:44:41.618Z: devcontainer process exited with exit code 0

=================================================================================
2025-06-04 16:44:41.776Z: Finished configuring codespace.
